<?xml version="1.0" encoding="UTF-8" ?>
<testsuite errors="0" failures="0" hostname="Cheeses-MacBook-Air.local" name="RationalTest" skipped="0" tests="33" time="0.029" timestamp="2023-09-12T08:42:53">
  <properties>
[...]
</properties>
  <testcase classname="RationalTest" name="testMultiplyZeroNumerator" time="0.002" />
  <testcase classname="RationalTest" name="testMultiplyZeroDenominator" time="0.0" />
  <testcase classname="RationalTest" name="testCompareToOtherObject" time="0.0" />
  <testcase classname="RationalTest" name="testAddZeroNumerator" time="0.0" />
  <testcase classname="RationalTest" name="testMultiplyWholeNumber" time="0.0" />
  <testcase classname="RationalTest" name="testEqualsOtherObject" time="0.0" />
  <testcase classname="RationalTest" name="testSubtractWholeNumber" time="0.0" />
  <testcase classname="RationalTest" name="testMultiplyNegativeNumber" time="0.0" />
  <testcase classname="RationalTest" name="testCompareToZeroDenominator" time="0.001" />
  <testcase classname="RationalTest" name="testToString" time="0.003" />
  <testcase classname="RationalTest" name="testCompareToEquals" time="0.0" />
  <testcase classname="RationalTest" name="testMultiplyPositiveNumber" time="0.001" />
  <testcase classname="RationalTest" name="testSubtractZeroNumerator" time="0.0" />
  <testcase classname="RationalTest" name="testAddWholeNumber" time="0.0" />
  <testcase classname="RationalTest" name="testAddZeroDenominator" time="0.0" />
  <testcase classname="RationalTest" name="testAddPositiveRationalNumber" time="0.0" />
  <testcase classname="RationalTest" name="testEqualsBoth" time="0.0" />
  <testcase classname="RationalTest" name="testDivideNegativeNumber" time="0.0" />
  <testcase classname="RationalTest" name="testCompareToLessThan" time="0.0" />
  <testcase classname="RationalTest" name="testEqualsOnlyDenominator" time="0.0" />
  <testcase classname="RationalTest" name="testDivideZeroDenominator" time="0.001" />
  <testcase classname="RationalTest" name="testDividePositiveNumber" time="0.0" />
  <testcase classname="RationalTest" name="testAddNegativeRationalNumber" time="0.0" />
  <testcase classname="RationalTest" name="testDivideWholeNumber" time="0.0" />
  <testcase classname="RationalTest" name="testSubtractZeroDenominator" time="0.0" />
  <testcase classname="RationalTest" name="testEqualsZeroDenominator" time="0.0" />
  <testcase classname="RationalTest" name="testEqualsOnlyNumerator" time="0.0" />
  <testcase classname="RationalTest" name="testZeroDenominatorConstructor" time="0.0" />
  <testcase classname="RationalTest" name="testSubtractNegativeNumber" time="0.0" />
  <testcase classname="RationalTest" name="testNotEquals" time="0.0" />
  <testcase classname="RationalTest" name="testSubtractPositiveNumber" time="0.0" />
  <testcase classname="RationalTest" name="testDivideZeroNumerator" time="0.0" />
  <testcase classname="RationalTest" name="testCompareToMoreThan" time="0.0" />
  <system-out><![CDATA[]]></system-out>
  <system-err><![CDATA[]]></system-err>
</testsuite>
